<?xml version="1.0" encoding="UTF-8"?>
<!-- Generated by org.testng.reporters.JUnitReportReporter -->
<testsuite hostname="USER" failures="0" tests="4" name="test.Day3" time="0.032" errors="0" timestamp="2023-01-20T11:58:25 IST" skipped="0">
  <testcase classname="test.Day3" name="WebCarLoan" time="0.002"/>
  <system-out/>
  <testcase classname="test.Day3" name="WebCarLoan" time="0.007"/>
  <system-out/>
  <testcase classname="test.Day3" name="WebCarLoan" time="0.002"/>
  <system-out/>
  <testcase classname="test.Day3" name="MobileCarLoan" time="0.021"/>
  <system-out/>
</testsuite> <!-- test.Day3 -->
