<?xml version="1.0" encoding="UTF-8"?>
<!-- Generated by org.testng.reporters.JUnitReportReporter -->
<testsuite hostname="USER" failures="0" tests="1" name="test.Day4" time="0.023" errors="0" timestamp="2023-01-20T11:58:25 IST" skipped="0">
  <testcase classname="test.Day4" name="MobileHomeLoan" time="0.023"/>
  <system-out/>
</testsuite> <!-- test.Day4 -->
