<?xml version="1.0" encoding="UTF-8"?>
<!-- Generated by org.testng.reporters.JUnitReportReporter -->
<testsuite hostname="USER" failures="0" tests="2" name="test.Day2" time="0.005" errors="0" timestamp="2023-01-20T11:58:25 IST" skipped="0">
  <testcase classname="test.Day2" name="ploan2" time="0.002"/>
  <system-out/>
  <testcase classname="test.Day2" name="ploan3" time="0.003"/>
  <system-out/>
</testsuite> <!-- test.Day2 -->
